[17:27:01] [Client thread/INFO]: Setting user: Player623
[17:27:05] [Client thread/WARN]: Skipping bad option: lastServer:
[17:27:05] [Client thread/INFO]: LWJGL Version: 2.9.4
[17:27:06] [Client thread/INFO]: [STDOUT]: ---- Minecraft Crash Report ----
// Who set us up the TNT?

Time: 6/3/17 5:27 PM
Description: Loading screen debug info

This is just a prompt for computer specs to be printed. THIS IS NOT A ERROR


A detailed walkthrough of the error, its code path and all known details is as follows:
---------------------------------------------------------------------------------------

-- System Details --
Details:
	Minecraft Version: 1.11.2
	Operating System: Windows 10 (amd64) version 10.0
	Java Version: 1.8.0_131, Oracle Corporation
	Java VM Version: Java HotSpot(TM) 64-Bit Server VM (mixed mode), Oracle Corporation
	Memory: 868446632 bytes (828 MB) / 1017643008 bytes (970 MB) up to 14303625216 bytes (13641 MB)
	JVM Flags: 0 total; 
	IntCache: cache: 0, tcache: 0, allocated: 0, tallocated: 0
	FML: 
	Loaded coremods (and transformers): 
	GL info: ' Vendor: 'ATI Technologies Inc.' Version: '4.5.13474 Compatibility Profile Context 22.19.165.1' Renderer: 'Radeon (TM) RX 480 Graphics'
[17:27:08] [Client thread/INFO]: Reloading ResourceManager: Default, FMLFileResourcePack:Forge Mod Loader, FMLFileResourcePack:Minecraft Forge, FMLFileResourcePack:Mot Mod
[17:27:08] [Client thread/INFO]: [STDOUT]: Mot Mod is loading2!
[17:27:08] [Client thread/INFO]: [STDOUT]: registered blocks
[17:27:10] [Client thread/INFO]: [STDOUT]: Registered to server
[17:27:10] [MQTT Call: testPlayer/INFO]: [STDOUT]: Message delivered
[17:27:10] [Client thread/INFO]: [STDOUT]: Initialized Hue SDK
[17:27:12] [Sound Library Loader/INFO]: Starting up SoundSystem...
[17:27:13] [Thread-12/INFO]: Initializing LWJGL OpenAL
[17:27:13] [Thread-12/INFO]: (The LWJGL binding of OpenAL.  For more information, see http://www.lwjgl.org)
[17:27:13] [Thread-12/INFO]: OpenAL initialized.
[17:27:13] [Sound Library Loader/INFO]: Sound engine started
[17:27:17] [Client thread/INFO]: Created: 16x16 textures-atlas
[17:27:18] [Client thread/INFO]: Reloading ResourceManager: Default, FMLFileResourcePack:Forge Mod Loader, FMLFileResourcePack:Minecraft Forge, FMLFileResourcePack:Mot Mod
[17:27:18] [Thread-10/INFO]: [STDOUT]: HUE: SDK got AP 192.168.1.246
[17:27:18] [Thread-15/INFO]: [STDOUT]: HUE: Press button on 001788FFFE1D57B4
[17:27:18] [Timer-2/INFO]: [STDOUT]: Hue SDK error:link button not pressed
[17:27:19] [Timer-3/INFO]: [STDOUT]: Hue SDK error:link button not pressed
[17:27:20] [Client thread/INFO]: SoundSystem shutting down...
[17:27:20] [Client thread/WARN]: Author: Paul Lamb, www.paulscode.com
[17:27:20] [Sound Library Loader/INFO]: Starting up SoundSystem...
[17:27:20] [Thread-19/INFO]: Initializing LWJGL OpenAL
[17:27:20] [Thread-19/INFO]: (The LWJGL binding of OpenAL.  For more information, see http://www.lwjgl.org)
[17:27:20] [Thread-19/INFO]: OpenAL initialized.
[17:27:21] [Sound Library Loader/INFO]: Sound engine started
[17:27:21] [Thread-21/INFO]: [STDOUT]: HUE: Setting all lights on...
[17:27:21] [Thread-21/INFO]: [STDOUT]: HUE: got light Identifier: 1
Name: Study
type: CT_COLOR_LIGHT

[17:27:21] [Thread-21/INFO]: [STDOUT]: HUE: got light Identifier: 2
Name: Hue Lamp 2
type: CT_COLOR_LIGHT

[17:27:21] [Thread-21/INFO]: [STDOUT]: HUE: got light Identifier: 3
Name: Living Room
type: CT_COLOR_LIGHT

[17:27:24] [Client thread/INFO]: Created: 512x512 textures-atlas
[17:27:25] [Client thread/WARN]: Skipping bad option: lastServer:
[17:27:27] [Realms Notification Availability checker #1/INFO]: Could not authorize you against Realms server: Invalid session id
